2025-04-04 11:26:02.272117 - Received CBT.V508.FILE543.PDS from FILE543.XMI 
2025-04-04 11:26:02.273416 - Found $$$#DATE.txt (text/plain) in CBT.V508.FILE543.PDS, moved to PDS/$$$#DATE
2025-04-04 11:26:02.273576 - Found $$$INFO.txt (text/plain) in CBT.V508.FILE543.PDS, moved to PDS/$$$INFO
2025-04-04 11:26:02.273718 - Found $$$NOTE1.eml (message/rfc822) in CBT.V508.FILE543.PDS, moved to PDS/$$$NOTE1
2025-04-04 11:26:02.273851 - Found $$$NOTE2.txt (text/plain) in CBT.V508.FILE543.PDS, moved to PDS/$$$NOTE2
2025-04-04 11:26:02.273975 - Found $$$NOTE3.txt (text/plain) in CBT.V508.FILE543.PDS, moved to PDS/$$$NOTE3
2025-04-04 11:26:02.274094 - Found $$USAGE.txt (text/plain) in CBT.V508.FILE543.PDS, moved to PDS/$$USAGE
2025-04-04 11:26:02.274238 - Found @FILE543.txt (text/plain) in CBT.V508.FILE543.PDS, moved to PDS/@FILE543
2025-04-04 11:26:02.274366 - Found APF.rexx (text/plain) in CBT.V508.FILE543.PDS, moved to PDS/APF
2025-04-04 11:26:02.274488 - Found ASL.rexx (text/plain) in CBT.V508.FILE543.PDS, moved to PDS/ASL
2025-04-04 11:26:02.274620 - Found ASM.txt (text/plain) in CBT.V508.FILE543.PDS, moved to PDS/ASM
2025-04-04 11:26:02.274736 - Found CHECKACT.txt (text/plain) in CBT.V508.FILE543.PDS, moved to PDS/CHECKACT
2025-04-04 11:26:02.274852 - Found CHECKAPF.txt (text/plain) in CBT.V508.FILE543.PDS, moved to PDS/CHECKAPF
2025-04-04 11:26:02.274971 - Found CHECKASL.txt (text/plain) in CBT.V508.FILE543.PDS, moved to PDS/CHECKASL
2025-04-04 11:26:02.275103 - Found CHECKLNK.txt (text/plain) in CBT.V508.FILE543.PDS, moved to PDS/CHECKLNK
2025-04-04 11:26:02.275215 - Found CHECKLPA.txt (text/plain) in CBT.V508.FILE543.PDS, moved to PDS/CHECKLPA
2025-04-04 11:26:02.275336 - Found CHECKMAP.txt (text/plain) in CBT.V508.FILE543.PDS, moved to PDS/CHECKMAP
2025-04-04 11:26:02.275472 - Found CHECKMNU.txt (text/plain) in CBT.V508.FILE543.PDS, moved to PDS/CHECKMNU
2025-04-04 11:26:02.275596 - Found CHECKSRT.txt (text/plain) in CBT.V508.FILE543.PDS, moved to PDS/CHECKSRT
2025-04-04 11:26:02.275734 - Found CHECKSTM.txt (text/plain) in CBT.V508.FILE543.PDS, moved to PDS/CHECKSTM
2025-04-04 11:26:02.275852 - Found CHECKSTR.txt (text/plain) in CBT.V508.FILE543.PDS, moved to PDS/CHECKSTR
2025-04-04 11:26:02.275977 - Found CHECKSYS.rexx (text/plain) in CBT.V508.FILE543.PDS, moved to PDS/CHECKSYS
2025-04-04 11:26:02.276090 - Found CHECKVER.txt (text/plain) in CBT.V508.FILE543.PDS, moved to PDS/CHECKVER
2025-04-04 11:26:02.276226 - Found CHECKVIE.txt (text/plain) in CBT.V508.FILE543.PDS, moved to PDS/CHECKVIE
2025-04-04 11:26:02.276352 - Found GETUADDR.txt (text/plain) in CBT.V508.FILE543.PDS, moved to PDS/GETUADDR
2025-04-04 11:26:02.276485 - Found LNK.rexx (text/plain) in CBT.V508.FILE543.PDS, moved to PDS/LNK
2025-04-04 11:26:02.276607 - Found LPA.rexx (text/plain) in CBT.V508.FILE543.PDS, moved to PDS/LPA
2025-04-04 11:26:02.276749 - Found MAP.rexx (text/plain) in CBT.V508.FILE543.PDS, moved to PDS/MAP
2025-04-04 11:26:02.276864 - Found STR.rexx (text/plain) in CBT.V508.FILE543.PDS, moved to PDS/STR
2025-04-04 11:26:02.277000 - Found SYS.rexx (text/plain) in CBT.V508.FILE543.PDS, moved to PDS/SYS
2025-04-04 11:26:02.277110 - Found VER.rexx (text/plain) in CBT.V508.FILE543.PDS, moved to PDS/VER
